INFO:     Will watch for changes in these directories: ['/Users/alvaro/Documents/Code/researcher']
INFO:     Uvicorn running on http://127.0.0.1:8001 (Press CTRL+C to quit)
INFO:     Started reloader process [28619] using StatReload
WARNING:  ASGI app factory detected. Using it, but please consider setting the --factory flag explicitly.
INFO:     Started server process [28621]
INFO:     Waiting for application startup.
INFO:     Application startup complete.
WARNING:  StatReload detected changes in 'src/uamm/api/routes.py'. Reloading...
INFO:     Shutting down
INFO:     Waiting for application shutdown.
INFO:     Application shutdown complete.
INFO:     Finished server process [28621]
WARNING:  ASGI app factory detected. Using it, but please consider setting the --factory flag explicitly.
INFO:     Started server process [30185]
INFO:     Waiting for application startup.
INFO:     Application startup complete.
WARNING:  StatReload detected changes in 'src/uamm/agents/main_agent.py'. Reloading...
INFO:     Shutting down
INFO:     Waiting for application shutdown.
INFO:     Application shutdown complete.
INFO:     Finished server process [30185]
WARNING:  ASGI app factory detected. Using it, but please consider setting the --factory flag explicitly.
INFO:     Started server process [30226]
INFO:     Waiting for application startup.
INFO:     Application startup complete.
INFO:     Shutting down
INFO:     Waiting for application shutdown.
INFO:     Application shutdown complete.
INFO:     Finished server process [30226]
INFO:     Stopping reloader process [28619]
